<?xml version="1.0" encoding="UTF-8"?>
<coverage generated="1513803942338" clover="3.2.0">
  <project timestamp="1513803942338" name="All files">
    <metrics statements="205" coveredstatements="205" conditionals="6" coveredconditionals="6" methods="43" coveredmethods="43" elements="254" coveredelements="254" complexity="0" loc="205" ncloc="205" packages="2" files="2" classes="2">
      <package name="resolvers">
        <metrics statements="107" coveredstatements="107" conditionals="4" coveredconditionals="4" methods="20" coveredmethods="20"/>
        <file name="EntityResolver.js" path="/Users/chuckhagy/Projects/ch-backend/lib/resolvers/EntityResolver.js">
          <metrics statements="107" coveredstatements="107" conditionals="4" coveredconditionals="4" methods="20" coveredmethods="20"/>
          <line num="3" count="1" type="stmt"/>
          <line num="4" count="1" type="stmt"/>
          <line num="5" count="1" type="stmt"/>
          <line num="6" count="1" type="stmt"/>
          <line num="7" count="1" type="stmt"/>
          <line num="8" count="1" type="stmt"/>
          <line num="9" count="1" type="stmt"/>
          <line num="10" count="1" type="stmt"/>
          <line num="11" count="1" type="stmt"/>
          <line num="12" count="1" type="stmt"/>
          <line num="13" count="1" type="stmt"/>
          <line num="14" count="1" type="stmt"/>
          <line num="15" count="1" type="stmt"/>
          <line num="16" count="1" type="stmt"/>
          <line num="17" count="1" type="stmt"/>
          <line num="18" count="1" type="stmt"/>
          <line num="19" count="1" type="stmt"/>
          <line num="20" count="1" type="stmt"/>
          <line num="21" count="1" type="stmt"/>
          <line num="22" count="1" type="stmt"/>
          <line num="23" count="1" type="stmt"/>
          <line num="27" count="2" type="stmt"/>
          <line num="28" count="2" type="stmt"/>
          <line num="29" count="1" type="stmt"/>
          <line num="31" count="1" type="stmt"/>
          <line num="36" count="2" type="stmt"/>
          <line num="37" count="2" type="stmt"/>
          <line num="38" count="1" type="stmt"/>
          <line num="40" count="1" type="stmt"/>
          <line num="45" count="2" type="stmt"/>
          <line num="46" count="2" type="stmt"/>
          <line num="47" count="1" type="stmt"/>
          <line num="49" count="1" type="stmt"/>
          <line num="54" count="2" type="stmt"/>
          <line num="55" count="2" type="stmt"/>
          <line num="56" count="1" type="stmt"/>
          <line num="58" count="1" type="stmt"/>
          <line num="63" count="2" type="stmt"/>
          <line num="64" count="2" type="stmt"/>
          <line num="65" count="1" type="stmt"/>
          <line num="67" count="1" type="stmt"/>
          <line num="72" count="2" type="stmt"/>
          <line num="73" count="2" type="stmt"/>
          <line num="74" count="2" type="stmt"/>
          <line num="75" count="1" type="stmt"/>
          <line num="77" count="1" type="stmt"/>
          <line num="82" count="2" type="stmt"/>
          <line num="83" count="2" type="stmt"/>
          <line num="84" count="2" type="stmt"/>
          <line num="85" count="1" type="stmt"/>
          <line num="87" count="1" type="stmt"/>
          <line num="92" count="2" type="stmt"/>
          <line num="93" count="2" type="stmt"/>
          <line num="94" count="2" type="stmt"/>
          <line num="95" count="1" type="stmt"/>
          <line num="97" count="1" type="stmt"/>
          <line num="102" count="2" type="stmt"/>
          <line num="103" count="2" type="stmt"/>
          <line num="104" count="2" type="stmt"/>
          <line num="105" count="1" type="stmt"/>
          <line num="107" count="1" type="stmt"/>
          <line num="112" count="2" type="stmt"/>
          <line num="113" count="2" type="stmt"/>
          <line num="114" count="1" type="stmt"/>
          <line num="116" count="1" type="stmt"/>
          <line num="121" count="2" type="stmt"/>
          <line num="122" count="2" type="stmt"/>
          <line num="123" count="1" type="stmt"/>
          <line num="125" count="1" type="stmt"/>
          <line num="130" count="2" type="stmt"/>
          <line num="131" count="2" type="stmt"/>
          <line num="132" count="1" type="stmt"/>
          <line num="134" count="1" type="stmt"/>
          <line num="139" count="2" type="stmt"/>
          <line num="140" count="2" type="stmt"/>
          <line num="141" count="1" type="stmt"/>
          <line num="143" count="1" type="stmt"/>
          <line num="148" count="2" type="stmt"/>
          <line num="149" count="2" type="stmt"/>
          <line num="150" count="1" type="stmt"/>
          <line num="152" count="1" type="stmt"/>
          <line num="157" count="2" type="stmt"/>
          <line num="158" count="2" type="stmt"/>
          <line num="159" count="1" type="stmt"/>
          <line num="162" count="1" type="stmt"/>
          <line num="167" count="2" type="stmt"/>
          <line num="168" count="2" type="stmt"/>
          <line num="169" count="1" type="stmt"/>
          <line num="172" count="1" type="stmt"/>
          <line num="178" count="4" type="stmt"/>
          <line num="179" count="4" type="stmt"/>
          <line num="180" count="4" type="stmt"/>
          <line num="181" count="1" type="stmt"/>
          <line num="183" count="3" type="cond" truecount="2" falsecount="0"/>
          <line num="184" count="2" type="cond" truecount="2" falsecount="0"/>
          <line num="185" count="1" type="stmt"/>
          <line num="190" count="2" type="stmt"/>
          <line num="191" count="2" type="stmt"/>
          <line num="192" count="2" type="stmt"/>
          <line num="193" count="1" type="stmt"/>
          <line num="195" count="1" type="stmt"/>
          <line num="200" count="2" type="stmt"/>
          <line num="201" count="2" type="stmt"/>
          <line num="202" count="2" type="stmt"/>
          <line num="203" count="1" type="stmt"/>
          <line num="205" count="1" type="stmt"/>
          <line num="211" count="1" type="stmt"/>
        </file>
      </package>
      <package name="respositories">
        <metrics statements="98" coveredstatements="98" conditionals="2" coveredconditionals="2" methods="23" coveredmethods="23"/>
        <file name="EntityRepository.js" path="/Users/chuckhagy/Projects/ch-backend/lib/respositories/EntityRepository.js">
          <metrics statements="98" coveredstatements="98" conditionals="2" coveredconditionals="2" methods="23" coveredmethods="23"/>
          <line num="3" count="1" type="stmt"/>
          <line num="4" count="1" type="stmt"/>
          <line num="8" count="2" type="stmt"/>
          <line num="9" count="2" type="stmt"/>
          <line num="10" count="1" type="stmt"/>
          <line num="12" count="1" type="stmt"/>
          <line num="17" count="2" type="stmt"/>
          <line num="18" count="2" type="stmt"/>
          <line num="19" count="1" type="stmt"/>
          <line num="21" count="1" type="stmt"/>
          <line num="26" count="2" type="stmt"/>
          <line num="27" count="2" type="stmt"/>
          <line num="28" count="1" type="stmt"/>
          <line num="30" count="1" type="stmt"/>
          <line num="36" count="2" type="stmt"/>
          <line num="37" count="2" type="stmt"/>
          <line num="38" count="1" type="stmt"/>
          <line num="40" count="1" type="stmt"/>
          <line num="47" count="2" type="stmt"/>
          <line num="48" count="2" type="stmt"/>
          <line num="49" count="1" type="stmt"/>
          <line num="51" count="1" type="stmt"/>
          <line num="56" count="2" type="stmt"/>
          <line num="57" count="2" type="stmt"/>
          <line num="66" count="1" type="stmt"/>
          <line num="68" count="1" type="stmt"/>
          <line num="73" count="2" type="stmt"/>
          <line num="74" count="2" type="stmt"/>
          <line num="77" count="1" type="stmt"/>
          <line num="80" count="1" type="stmt"/>
          <line num="85" count="2" type="stmt"/>
          <line num="86" count="2" type="stmt"/>
          <line num="88" count="1" type="stmt"/>
          <line num="91" count="1" type="stmt"/>
          <line num="96" count="2" type="stmt"/>
          <line num="97" count="2" type="stmt"/>
          <line num="100" count="1" type="stmt"/>
          <line num="103" count="1" type="stmt"/>
          <line num="108" count="3" type="stmt"/>
          <line num="109" count="3" type="cond" truecount="2" falsecount="0"/>
          <line num="110" count="1" type="stmt"/>
          <line num="127" count="1" type="stmt"/>
          <line num="129" count="2" type="stmt"/>
          <line num="145" count="1" type="stmt"/>
          <line num="148" count="1" type="stmt"/>
          <line num="153" count="2" type="stmt"/>
          <line num="154" count="2" type="stmt"/>
          <line num="155" count="1" type="stmt"/>
          <line num="158" count="1" type="stmt"/>
          <line num="163" count="2" type="stmt"/>
          <line num="164" count="2" type="stmt"/>
          <line num="166" count="1" type="stmt"/>
          <line num="169" count="1" type="stmt"/>
          <line num="174" count="2" type="stmt"/>
          <line num="175" count="2" type="stmt"/>
          <line num="177" count="1" type="stmt"/>
          <line num="180" count="1" type="stmt"/>
          <line num="185" count="2" type="stmt"/>
          <line num="186" count="2" type="stmt"/>
          <line num="188" count="1" type="stmt"/>
          <line num="191" count="1" type="stmt"/>
          <line num="197" count="2" type="stmt"/>
          <line num="198" count="2" type="stmt"/>
          <line num="199" count="1" type="stmt"/>
          <line num="201" count="1" type="stmt"/>
          <line num="206" count="2" type="stmt"/>
          <line num="207" count="2" type="stmt"/>
          <line num="208" count="2" type="stmt"/>
          <line num="209" count="2" type="stmt"/>
          <line num="210" count="1" type="stmt"/>
          <line num="212" count="1" type="stmt"/>
          <line num="218" count="2" type="stmt"/>
          <line num="219" count="2" type="stmt"/>
          <line num="220" count="2" type="stmt"/>
          <line num="221" count="2" type="stmt"/>
          <line num="225" count="1" type="stmt"/>
          <line num="227" count="1" type="stmt"/>
          <line num="232" count="2" type="stmt"/>
          <line num="233" count="2" type="stmt"/>
          <line num="236" count="1" type="stmt"/>
          <line num="238" count="1" type="stmt"/>
          <line num="243" count="2" type="stmt"/>
          <line num="244" count="2" type="stmt"/>
          <line num="245" count="1" type="stmt"/>
          <line num="248" count="1" type="stmt"/>
          <line num="253" count="2" type="stmt"/>
          <line num="254" count="2" type="stmt"/>
          <line num="255" count="1" type="stmt"/>
          <line num="258" count="1" type="stmt"/>
          <line num="263" count="2" type="stmt"/>
          <line num="264" count="2" type="stmt"/>
          <line num="265" count="1" type="stmt"/>
          <line num="268" count="1" type="stmt"/>
          <line num="273" count="2" type="stmt"/>
          <line num="274" count="2" type="stmt"/>
          <line num="275" count="1" type="stmt"/>
          <line num="278" count="1" type="stmt"/>
          <line num="284" count="1" type="stmt"/>
        </file>
      </package>
    </metrics>
  </project>
</coverage>
